<?xml version="1.0" encoding="UTF-8"?>
<!-- Generated by org.testng.reporters.JUnitReportReporter -->
<testsuite hostname="nycpusagolube.local" name="com.trihonda.test.request.quote.RequestQuote" tests="1" failures="1" timestamp="6 May 2014 19:52:53 GMT" time="0.137" errors="0">
  <testcase name="beforeMethod" time="0.137" classname="com.trihonda.test.request.quote.RequestQuote">
    <failure type="java.lang.NullPointerException">
      <![CDATA[java.lang.NullPointerException
	at com.trihonda.test.request.quote.RequestQuote.beforeMethod(RequestQuote.java:47)
	at sun.reflect.NativeMethodAccessorImpl.invoke0(Native Method)
	at java.lang.reflect.Method.invoke(Method.java:606)
]]>
    </failure>
  </testcase> <!-- beforeMethod -->
</testsuite> <!-- com.trihonda.test.request.quote.RequestQuote -->
